<?xml version="1.0" encoding="UTF-8"?>
<!-- Generated by org.testng.reporters.JUnitReportReporter -->
<testsuite hostname="IBM-PF37Z88L" failures="0" tests="2" name="org.fw.UdemyPG.eCommerce_tc_3_UsingHashMap" time="33.753" errors="0" timestamp="2023-10-20T11:32:52 IST" skipped="0">
  <testcase classname="org.fw.UdemyPG.eCommerce_tc_3_UsingHashMap" name="FillForm" time="18.103"/>
  <testcase classname="org.fw.UdemyPG.eCommerce_tc_3_UsingHashMap" name="FillForm" time="15.650"/>
</testsuite> <!-- org.fw.UdemyPG.eCommerce_tc_3_UsingHashMap -->
