<?xml version="1.0" encoding="UTF-8"?>
<!-- Generated by org.testng.reporters.JUnitReportReporter -->
<testsuite hostname="IBM-PF37Z88L" failures="0" tests="3" name="org.fw.UdemyPG.eCommerce_tc_2" time="52.764" errors="0" timestamp="2023-10-25T16:23:20 IST" skipped="0">
  <testcase classname="org.fw.UdemyPG.eCommerce_tc_2" name="FillForm" time="21.347"/>
  <testcase classname="org.fw.UdemyPG.eCommerce_tc_2" name="FillForm" time="21.613"/>
  <testcase classname="org.fw.UdemyPG.eCommerce_tc_2" name="VerifyErrorToastMessage" time="9.804"/>
</testsuite> <!-- org.fw.UdemyPG.eCommerce_tc_2 -->
