<?xml version="1.0" encoding="UTF-8"?>
<!-- Generated by org.testng.reporters.JUnitReportReporter -->
<testsuite hostname="IBM-PF37Z88L" failures="0" tests="1" name="org.fw.UdemyPG.eCommerce_tc_1" time="17.167" errors="0" timestamp="2023-10-19T16:42:15 IST" skipped="0">
  <testcase classname="org.fw.UdemyPG.eCommerce_tc_1" name="FillForm" time="17.167"/>
</testsuite> <!-- org.fw.UdemyPG.eCommerce_tc_1 -->
